INFO - 2024-11-27 23:18:44 --> Session: Class initialized using 'CodeIgniter\Session\Handlers\FileHandler' driver.
INFO - 2024-11-27 23:18:45 --> Session: Class initialized using 'CodeIgniter\Session\Handlers\FileHandler' driver.
INFO - 2024-11-27 23:18:46 --> Session: Class initialized using 'CodeIgniter\Session\Handlers\FileHandler' driver.
INFO - 2024-11-27 23:18:52 --> Session: Class initialized using 'CodeIgniter\Session\Handlers\FileHandler' driver.
INFO - 2024-11-27 23:18:53 --> Session: Class initialized using 'CodeIgniter\Session\Handlers\FileHandler' driver.
CRITICAL - 2024-11-27 23:18:53 --> ErrorException: Undefined variable $petani
[Method: GET, Route: ketuaKelompokTani]
in APPPATH\Views\ketua_kelompok_tani\index.php on line 49.
 1 APPPATH\Views\ketua_kelompok_tani\index.php(49): CodeIgniter\Debug\Exceptions->errorHandler(2, 'Undefined variable $petani', 'D:\\data adrian\\Program\\PHP\\sig\\app\\Views\\ketua_kelompok_tani\\index.php', 49)
 2 SYSTEMPATH\View\View.php(234): include('D:\\data adrian\\Program\\PHP\\sig\\app\\Views\\ketua_kelompok_tani\\index.php')
 3 SYSTEMPATH\View\View.php(237): CodeIgniter\View\View->CodeIgniter\View\{closure}()
 4 SYSTEMPATH\Common.php(1169): CodeIgniter\View\View->render('ketua_kelompok_tani/index', [], true)
 5 APPPATH\Controllers\KetuaKelompokTaniController.php(29): view('ketua_kelompok_tani/index', [...])
 6 SYSTEMPATH\CodeIgniter.php(933): App\Controllers\KetuaKelompokTaniController->index()
 7 SYSTEMPATH\CodeIgniter.php(509): CodeIgniter\CodeIgniter->runController(Object(App\Controllers\KetuaKelompokTaniController))
 8 SYSTEMPATH\CodeIgniter.php(355): CodeIgniter\CodeIgniter->handleRequest(null, Object(Config\Cache), false)
 9 SYSTEMPATH\Boot.php(325): CodeIgniter\CodeIgniter->run()
10 SYSTEMPATH\Boot.php(67): CodeIgniter\Boot::runCodeIgniter(Object(CodeIgniter\CodeIgniter))
11 FCPATH\index.php(56): CodeIgniter\Boot::bootWeb(Object(Config\Paths))
12 SYSTEMPATH\rewrite.php(44): require_once('D:\\data adrian\\Program\\PHP\\sig\\public\\index.php')
INFO - 2024-11-27 23:27:45 --> Session: Class initialized using 'CodeIgniter\Session\Handlers\FileHandler' driver.
CRITICAL - 2024-11-27 23:27:45 --> ErrorException: Undefined property: App\Controllers\KetuaKelompokTaniController::$petaniModel
[Method: GET, Route: ketuaKelompokTani]
in APPPATH\Controllers\KetuaKelompokTaniController.php on line 25.
 1 APPPATH\Controllers\KetuaKelompokTaniController.php(25): CodeIgniter\Debug\Exceptions->errorHandler(2, 'Undefined property: App\\Controllers\\KetuaKelompokTaniController::$petaniModel', 'D:\\data adrian\\Program\\PHP\\sig\\app\\Controllers\\KetuaKelompokTaniController.php', 25)
 2 SYSTEMPATH\CodeIgniter.php(933): App\Controllers\KetuaKelompokTaniController->index()
 3 SYSTEMPATH\CodeIgniter.php(509): CodeIgniter\CodeIgniter->runController(Object(App\Controllers\KetuaKelompokTaniController))
 4 SYSTEMPATH\CodeIgniter.php(355): CodeIgniter\CodeIgniter->handleRequest(null, Object(Config\Cache), false)
 5 SYSTEMPATH\Boot.php(325): CodeIgniter\CodeIgniter->run()
 6 SYSTEMPATH\Boot.php(67): CodeIgniter\Boot::runCodeIgniter(Object(CodeIgniter\CodeIgniter))
 7 FCPATH\index.php(56): CodeIgniter\Boot::bootWeb(Object(Config\Paths))
 8 SYSTEMPATH\rewrite.php(44): require_once('D:\\data adrian\\Program\\PHP\\sig\\public\\index.php')
INFO - 2024-11-27 23:28:57 --> Session: Class initialized using 'CodeIgniter\Session\Handlers\FileHandler' driver.
CRITICAL - 2024-11-27 23:28:57 --> ErrorException: Undefined property: App\Controllers\KetuaKelompokTaniController::$petaniModel
[Method: GET, Route: ketuaKelompokTani]
in APPPATH\Controllers\KetuaKelompokTaniController.php on line 28.
 1 APPPATH\Controllers\KetuaKelompokTaniController.php(28): CodeIgniter\Debug\Exceptions->errorHandler(2, 'Undefined property: App\\Controllers\\KetuaKelompokTaniController::$petaniModel', 'D:\\data adrian\\Program\\PHP\\sig\\app\\Controllers\\KetuaKelompokTaniController.php', 28)
 2 SYSTEMPATH\CodeIgniter.php(933): App\Controllers\KetuaKelompokTaniController->index()
 3 SYSTEMPATH\CodeIgniter.php(509): CodeIgniter\CodeIgniter->runController(Object(App\Controllers\KetuaKelompokTaniController))
 4 SYSTEMPATH\CodeIgniter.php(355): CodeIgniter\CodeIgniter->handleRequest(null, Object(Config\Cache), false)
 5 SYSTEMPATH\Boot.php(325): CodeIgniter\CodeIgniter->run()
 6 SYSTEMPATH\Boot.php(67): CodeIgniter\Boot::runCodeIgniter(Object(CodeIgniter\CodeIgniter))
 7 FCPATH\index.php(56): CodeIgniter\Boot::bootWeb(Object(Config\Paths))
 8 SYSTEMPATH\rewrite.php(44): require_once('D:\\data adrian\\Program\\PHP\\sig\\public\\index.php')
INFO - 2024-11-27 23:29:13 --> Session: Class initialized using 'CodeIgniter\Session\Handlers\FileHandler' driver.
INFO - 2024-11-27 23:29:15 --> Session: Class initialized using 'CodeIgniter\Session\Handlers\FileHandler' driver.
INFO - 2024-11-27 23:36:53 --> Session: Class initialized using 'CodeIgniter\Session\Handlers\FileHandler' driver.
INFO - 2024-11-27 23:36:55 --> Session: Class initialized using 'CodeIgniter\Session\Handlers\FileHandler' driver.
INFO - 2024-11-27 23:36:56 --> Session: Class initialized using 'CodeIgniter\Session\Handlers\FileHandler' driver.
INFO - 2024-11-27 23:36:58 --> Session: Class initialized using 'CodeIgniter\Session\Handlers\FileHandler' driver.
INFO - 2024-11-27 23:37:38 --> Session: Class initialized using 'CodeIgniter\Session\Handlers\FileHandler' driver.
INFO - 2024-11-27 23:37:38 --> Session: Class initialized using 'CodeIgniter\Session\Handlers\FileHandler' driver.
INFO - 2024-11-27 23:37:40 --> Session: Class initialized using 'CodeIgniter\Session\Handlers\FileHandler' driver.
INFO - 2024-11-27 23:37:54 --> Session: Class initialized using 'CodeIgniter\Session\Handlers\FileHandler' driver.
INFO - 2024-11-27 23:37:56 --> Session: Class initialized using 'CodeIgniter\Session\Handlers\FileHandler' driver.
INFO - 2024-11-27 23:37:58 --> Session: Class initialized using 'CodeIgniter\Session\Handlers\FileHandler' driver.
INFO - 2024-11-27 23:38:00 --> Session: Class initialized using 'CodeIgniter\Session\Handlers\FileHandler' driver.
INFO - 2024-11-27 23:38:41 --> Session: Class initialized using 'CodeIgniter\Session\Handlers\FileHandler' driver.
CRITICAL - 2024-11-27 23:38:42 --> CodeIgniter\Shield\Authorization\AuthorizationException: ketua is not a valid group.
[Method: POST, Route: ketuaKelompokTani/simpan]
in VENDORPATH\codeigniter4\shield\src\Authorization\AuthorizationException.php on line 24.
 1 VENDORPATH\codeigniter4\shield\src\Authorization\Traits\Authorizable.php(50): CodeIgniter\Shield\Authorization\AuthorizationException::forUnknownGroup('ketua')
 2 APPPATH\Controllers\KetuaKelompokTaniController.php(62): CodeIgniter\Shield\Entities\User->addGroup('ketua')
 3 SYSTEMPATH\CodeIgniter.php(933): App\Controllers\KetuaKelompokTaniController->simpan()
 4 SYSTEMPATH\CodeIgniter.php(509): CodeIgniter\CodeIgniter->runController(Object(App\Controllers\KetuaKelompokTaniController))
 5 SYSTEMPATH\CodeIgniter.php(355): CodeIgniter\CodeIgniter->handleRequest(null, Object(Config\Cache), false)
 6 SYSTEMPATH\Boot.php(325): CodeIgniter\CodeIgniter->run()
 7 SYSTEMPATH\Boot.php(67): CodeIgniter\Boot::runCodeIgniter(Object(CodeIgniter\CodeIgniter))
 8 FCPATH\index.php(56): CodeIgniter\Boot::bootWeb(Object(Config\Paths))
 9 SYSTEMPATH\rewrite.php(44): require_once('D:\\data adrian\\Program\\PHP\\sig\\public\\index.php')
INFO - 2024-11-27 23:39:22 --> Session: Class initialized using 'CodeIgniter\Session\Handlers\FileHandler' driver.
INFO - 2024-11-27 23:39:23 --> Session: Class initialized using 'CodeIgniter\Session\Handlers\FileHandler' driver.
CRITICAL - 2024-11-27 23:39:23 --> ErrorException: Undefined array key "id_petani"
[Method: GET, Route: ketuaKelompokTani]
in APPPATH\Views\ketua_kelompok_tani\index.php on line 51.
 1 APPPATH\Views\ketua_kelompok_tani\index.php(51): CodeIgniter\Debug\Exceptions->errorHandler(2, 'Undefined array key "id_petani"', 'D:\\data adrian\\Program\\PHP\\sig\\app\\Views\\ketua_kelompok_tani\\index.php', 51)
 2 SYSTEMPATH\View\View.php(234): include('D:\\data adrian\\Program\\PHP\\sig\\app\\Views\\ketua_kelompok_tani\\index.php')
 3 SYSTEMPATH\View\View.php(237): CodeIgniter\View\View->CodeIgniter\View\{closure}()
 4 SYSTEMPATH\Common.php(1169): CodeIgniter\View\View->render('ketua_kelompok_tani/index', [], true)
 5 APPPATH\Controllers\KetuaKelompokTaniController.php(31): view('ketua_kelompok_tani/index', [...])
 6 SYSTEMPATH\CodeIgniter.php(933): App\Controllers\KetuaKelompokTaniController->index()
 7 SYSTEMPATH\CodeIgniter.php(509): CodeIgniter\CodeIgniter->runController(Object(App\Controllers\KetuaKelompokTaniController))
 8 SYSTEMPATH\CodeIgniter.php(355): CodeIgniter\CodeIgniter->handleRequest(null, Object(Config\Cache), false)
 9 SYSTEMPATH\Boot.php(325): CodeIgniter\CodeIgniter->run()
10 SYSTEMPATH\Boot.php(67): CodeIgniter\Boot::runCodeIgniter(Object(CodeIgniter\CodeIgniter))
11 FCPATH\index.php(56): CodeIgniter\Boot::bootWeb(Object(Config\Paths))
12 SYSTEMPATH\rewrite.php(44): require_once('D:\\data adrian\\Program\\PHP\\sig\\public\\index.php')
INFO - 2024-11-27 23:40:19 --> Session: Class initialized using 'CodeIgniter\Session\Handlers\FileHandler' driver.
INFO - 2024-11-27 23:40:20 --> Session: Class initialized using 'CodeIgniter\Session\Handlers\FileHandler' driver.
INFO - 2024-11-27 23:40:44 --> Session: Class initialized using 'CodeIgniter\Session\Handlers\FileHandler' driver.
INFO - 2024-11-27 23:40:44 --> Session: Class initialized using 'CodeIgniter\Session\Handlers\FileHandler' driver.
INFO - 2024-11-27 23:40:45 --> Session: Class initialized using 'CodeIgniter\Session\Handlers\FileHandler' driver.
INFO - 2024-11-27 23:40:53 --> Session: Class initialized using 'CodeIgniter\Session\Handlers\FileHandler' driver.
INFO - 2024-11-27 23:40:53 --> Session: Class initialized using 'CodeIgniter\Session\Handlers\FileHandler' driver.
INFO - 2024-11-27 23:40:55 --> Session: Class initialized using 'CodeIgniter\Session\Handlers\FileHandler' driver.
INFO - 2024-11-27 23:40:58 --> Session: Class initialized using 'CodeIgniter\Session\Handlers\FileHandler' driver.
INFO - 2024-11-27 23:40:59 --> Session: Class initialized using 'CodeIgniter\Session\Handlers\FileHandler' driver.
INFO - 2024-11-27 23:41:07 --> Session: Class initialized using 'CodeIgniter\Session\Handlers\FileHandler' driver.
INFO - 2024-11-27 23:41:07 --> Session: Class initialized using 'CodeIgniter\Session\Handlers\FileHandler' driver.
INFO - 2024-11-27 23:41:08 --> Session: Class initialized using 'CodeIgniter\Session\Handlers\FileHandler' driver.
INFO - 2024-11-27 23:41:24 --> Session: Class initialized using 'CodeIgniter\Session\Handlers\FileHandler' driver.
INFO - 2024-11-27 23:41:24 --> Session: Class initialized using 'CodeIgniter\Session\Handlers\FileHandler' driver.
INFO - 2024-11-27 23:41:25 --> Session: Class initialized using 'CodeIgniter\Session\Handlers\FileHandler' driver.
INFO - 2024-11-27 23:42:07 --> Session: Class initialized using 'CodeIgniter\Session\Handlers\FileHandler' driver.
INFO - 2024-11-27 23:42:08 --> Session: Class initialized using 'CodeIgniter\Session\Handlers\FileHandler' driver.
INFO - 2024-11-27 23:46:17 --> Session: Class initialized using 'CodeIgniter\Session\Handlers\FileHandler' driver.
CRITICAL - 2024-11-27 23:46:17 --> ArgumentCountError: Too few arguments to function App\Controllers\KetuaKelompokTaniController::edit(), 0 passed in D:\data adrian\Program\PHP\sig\vendor\codeigniter4\framework\system\CodeIgniter.php on line 933 and exactly 1 expected
[Method: GET, Route: ketuaKelompokTani/edit/1]
in APPPATH\Controllers\KetuaKelompokTaniController.php on line 89.
 1 SYSTEMPATH\CodeIgniter.php(933): App\Controllers\KetuaKelompokTaniController->edit()
 2 SYSTEMPATH\CodeIgniter.php(509): CodeIgniter\CodeIgniter->runController(Object(App\Controllers\KetuaKelompokTaniController))
 3 SYSTEMPATH\CodeIgniter.php(355): CodeIgniter\CodeIgniter->handleRequest(null, Object(Config\Cache), false)
 4 SYSTEMPATH\Boot.php(325): CodeIgniter\CodeIgniter->run()
 5 SYSTEMPATH\Boot.php(67): CodeIgniter\Boot::runCodeIgniter(Object(CodeIgniter\CodeIgniter))
 6 FCPATH\index.php(56): CodeIgniter\Boot::bootWeb(Object(Config\Paths))
 7 SYSTEMPATH\rewrite.php(44): require_once('D:\\data adrian\\Program\\PHP\\sig\\public\\index.php')
INFO - 2024-11-27 23:46:26 --> Session: Class initialized using 'CodeIgniter\Session\Handlers\FileHandler' driver.
INFO - 2024-11-27 23:46:27 --> Session: Class initialized using 'CodeIgniter\Session\Handlers\FileHandler' driver.
INFO - 2024-11-27 23:46:29 --> Session: Class initialized using 'CodeIgniter\Session\Handlers\FileHandler' driver.
CRITICAL - 2024-11-27 23:46:29 --> ArgumentCountError: Too few arguments to function App\Controllers\KetuaKelompokTaniController::edit(), 0 passed in D:\data adrian\Program\PHP\sig\vendor\codeigniter4\framework\system\CodeIgniter.php on line 933 and exactly 1 expected
[Method: GET, Route: ketuaKelompokTani/edit/1]
in APPPATH\Controllers\KetuaKelompokTaniController.php on line 89.
 1 SYSTEMPATH\CodeIgniter.php(933): App\Controllers\KetuaKelompokTaniController->edit()
 2 SYSTEMPATH\CodeIgniter.php(509): CodeIgniter\CodeIgniter->runController(Object(App\Controllers\KetuaKelompokTaniController))
 3 SYSTEMPATH\CodeIgniter.php(355): CodeIgniter\CodeIgniter->handleRequest(null, Object(Config\Cache), false)
 4 SYSTEMPATH\Boot.php(325): CodeIgniter\CodeIgniter->run()
 5 SYSTEMPATH\Boot.php(67): CodeIgniter\Boot::runCodeIgniter(Object(CodeIgniter\CodeIgniter))
 6 FCPATH\index.php(56): CodeIgniter\Boot::bootWeb(Object(Config\Paths))
 7 SYSTEMPATH\rewrite.php(44): require_once('D:\\data adrian\\Program\\PHP\\sig\\public\\index.php')
INFO - 2024-11-27 23:47:00 --> Session: Class initialized using 'CodeIgniter\Session\Handlers\FileHandler' driver.
CRITICAL - 2024-11-27 23:47:00 --> ErrorException: Undefined array key "id_petani"
[Method: GET, Route: ketuaKelompokTani/edit/1]
in APPPATH\Views\ketua_kelompok_tani\edit.php on line 14.
 1 APPPATH\Views\ketua_kelompok_tani\edit.php(14): CodeIgniter\Debug\Exceptions->errorHandler(2, 'Undefined array key "id_petani"', 'D:\\data adrian\\Program\\PHP\\sig\\app\\Views\\ketua_kelompok_tani\\edit.php', 14)
 2 SYSTEMPATH\View\View.php(234): include('D:\\data adrian\\Program\\PHP\\sig\\app\\Views\\ketua_kelompok_tani\\edit.php')
 3 SYSTEMPATH\View\View.php(237): CodeIgniter\View\View->CodeIgniter\View\{closure}()
 4 SYSTEMPATH\Common.php(1169): CodeIgniter\View\View->render('ketua_kelompok_tani/edit', [], true)
 5 APPPATH\Controllers\KetuaKelompokTaniController.php(102): view('ketua_kelompok_tani/edit', [...])
 6 SYSTEMPATH\CodeIgniter.php(933): App\Controllers\KetuaKelompokTaniController->edit('1')
 7 SYSTEMPATH\CodeIgniter.php(509): CodeIgniter\CodeIgniter->runController(Object(App\Controllers\KetuaKelompokTaniController))
 8 SYSTEMPATH\CodeIgniter.php(355): CodeIgniter\CodeIgniter->handleRequest(null, Object(Config\Cache), false)
 9 SYSTEMPATH\Boot.php(325): CodeIgniter\CodeIgniter->run()
10 SYSTEMPATH\Boot.php(67): CodeIgniter\Boot::runCodeIgniter(Object(CodeIgniter\CodeIgniter))
11 FCPATH\index.php(56): CodeIgniter\Boot::bootWeb(Object(Config\Paths))
12 SYSTEMPATH\rewrite.php(44): require_once('D:\\data adrian\\Program\\PHP\\sig\\public\\index.php')
INFO - 2024-11-27 23:47:16 --> Session: Class initialized using 'CodeIgniter\Session\Handlers\FileHandler' driver.
INFO - 2024-11-27 23:47:18 --> Session: Class initialized using 'CodeIgniter\Session\Handlers\FileHandler' driver.
INFO - 2024-11-27 23:47:32 --> Session: Class initialized using 'CodeIgniter\Session\Handlers\FileHandler' driver.
INFO - 2024-11-27 23:47:32 --> Session: Class initialized using 'CodeIgniter\Session\Handlers\FileHandler' driver.
INFO - 2024-11-27 23:47:34 --> Session: Class initialized using 'CodeIgniter\Session\Handlers\FileHandler' driver.
INFO - 2024-11-27 23:47:37 --> Session: Class initialized using 'CodeIgniter\Session\Handlers\FileHandler' driver.
INFO - 2024-11-27 23:47:37 --> Session: Class initialized using 'CodeIgniter\Session\Handlers\FileHandler' driver.
INFO - 2024-11-27 23:47:38 --> Session: Class initialized using 'CodeIgniter\Session\Handlers\FileHandler' driver.
